<?xml version="1.0" encoding="UTF-8"?>
<!-- Generated by org.testng.reporters.JUnitReportReporter -->
<testsuite skipped="0" hostname="PUN-986J5H2" name="basicAnnoations.Module2" tests="2" failures="0" timestamp="03 Mar 2019 07:12:21 GMT" time="0.006" errors="0">
  <testcase name="test1" time="0.003" classname="basicAnnoations.Module2"/>
  <testcase name="test2" time="0.003" classname="basicAnnoations.Module2"/>
</testsuite> <!-- basicAnnoations.Module2 -->
