<?xml version="1.0" encoding="UTF-8"?>
<!-- Generated by org.testng.reporters.JUnitReportReporter -->
<testsuite skipped="0" hostname="PUN-986J5H2" name="basicAnnoations.Testing1" tests="2" failures="0" timestamp="03 Mar 2019 07:00:35 GMT" time="0.011" errors="0">
  <testcase name="test1" time="0.007" classname="basicAnnoations.Testing1"/>
  <testcase name="test2" time="0.004" classname="basicAnnoations.Testing1"/>
</testsuite> <!-- basicAnnoations.Testing1 -->
